<?xml version="1.0" encoding="UTF-8"?>
<!-- Generated by org.testng.reporters.JUnitReportReporter -->
<testsuite hostname="DEV56" name="OD_PS_Automation.RestAssured_SAOP.App" tests="1" failures="0" timestamp="19 Jun 2019 13:11:31 GMT" time="1.968" errors="0">
  <testcase name="AuthenticateTest" time="1.968" classname="OD_PS_Automation.RestAssured_SAOP.App"/>
</testsuite> <!-- OD_PS_Automation.RestAssured_SAOP.App -->
